# LIN Controller Closed-Loop Verification Results

```text
================================================================
     LIN CONTROLLER TOP LEVEL - CLOSED LOOP VERIFICATION
================================================================

[SYSTEM] Reset complete!

----------------------------------------------------------------
TEST 1 : MASTER FRAME (2 BYTES)
----------------------------------------------------------------
Mode            : MASTER
PID             : 0x21
Checksum        : Enhanced
Data Bytes      : 2

Payload[0]      : 0x0F
Payload[1]      : 0x42

[TX] Frame transmission started...

[RX-MONITOR] BREAK FIELD DETECTED
[RX-MONITOR] Received byte 0 : 0x55
[RX-MONITOR] Received byte 1 : 0x21
[RX-MONITOR] Received byte 2 : 0x0F
[RX-MONITOR] Received byte 3 : 0x42
[RX-MONITOR] Received byte 4 : 0x8D

[TX] Frame transmission complete

[VERIFY] Master Frame Test
[PASS] All 5 bytes received correctly

----------------------------------------------------------------
TEST 2 : MAXIMUM PAYLOAD FRAME (8 BYTES)
----------------------------------------------------------------
Mode            : MASTER
PID             : 0x63
Checksum        : Enhanced
Data Bytes      : 8

[TX] Frame transmission started...

[RX-MONITOR] BREAK FIELD DETECTED
[RX-MONITOR] Sync, PID, Payload and Checksum received

[TX] Frame transmission complete

[VERIFY] MAX 8 Bytes Test
[PASS] All 11 bytes received correctly

----------------------------------------------------------------
TEST 3 : DIRECTED FRAME TEST (6 BYTES)
----------------------------------------------------------------
Mode            : MASTER
PID             : 0x45
Checksum        : Enhanced
Data Bytes      : 6

[TX] Frame transmission started...

[RX-MONITOR] BREAK FIELD DETECTED
[RX-MONITOR] Frame received successfully

[TX] Frame transmission complete

[VERIFY] Directed 6-Byte Test
[PASS] All 9 bytes received correctly

----------------------------------------------------------------
RANDOM PAYLOAD STRESS TESTS
----------------------------------------------------------------

Random Frame 1 : PASS
Random Frame 2 : PASS
Random Frame 3 : PASS
Random Frame 4 : PASS
Random Frame 5 : PASS
Random Frame 6 : PASS
Random Frame 7 : PASS

All randomized LIN frames successfully transmitted,
received, and verified.

----------------------------------------------------------------
VERIFICATION SUMMARY
----------------------------------------------------------------

Directed Tests Executed        : 3
Random Stress Tests Executed   : 7
Total Frames Verified          : 10

Break Field Detection          : PASS
Sync Field Verification        : PASS
PID Verification               : PASS
Payload Verification           : PASS
Classic Checksum Verification  : PASS
Enhanced Checksum Verification : PASS

Frame Integrity                : PASS
TX-RX Closed Loop Operation    : PASS

----------------------------------------------------------------
FINAL RESULT
----------------------------------------------------------------

VERIFICATION STATUS : PASS

✓ Break Field Detection Verified
✓ LIN Frame Transmission Verified
✓ LIN Frame Reception Verified
✓ PID Verification Verified
✓ Payload Integrity Verified
✓ Classic Checksum Verified
✓ Enhanced Checksum Verified
✓ Random Stress Testing Passed
✓ End-to-End Closed Loop Verification Passed

Overall Result:

The LIN Controller successfully completed closed-loop
transmission and reception testing under directed and
randomized traffic conditions. All transmitted frames
were received correctly with proper break detection,
synchronization, payload reconstruction, and checksum
validation, demonstrating compliance with LIN 2.1
protocol requirements.
```
